
> debate-game@0.0.0 dev
> concurrently "npm run dev:frontend" "npm run dev:backend"

[1] 
[1] > debate-game@0.0.0 dev:backend
[1] > cd server && ts-node-dev --respawn --transpile-only src/index.ts
[1] 
[0] 
[0] > debate-game@0.0.0 dev:frontend
[0] > vite
[0] 
[0] 
[0]   VITE v5.4.11  ready in 170 ms
[0] 
[0]   ➜  Local:   http://localhost:5173/
[0]   ➜  Network: use --host to expose
[1] [INFO] 10:09:44 ts-node-dev ver. 2.0.0 (using ts-node ver. 10.9.2, typescript ver. 5.7.2)
[1] Loading environment configuration...
[1] Loading .env file from: /home/andy/debater/.env
[1] .env file loaded successfully
[1] Raw environment variables: {
[1]   PORT: '3000',
[1]   CORS_ORIGIN: 'http://localhost:5173',
[1]   ENABLE_DIAGNOSTIC_LOGGING: 'true'
[1] }
[1] Processed environment configuration: {
[1]   PORT: 3000,
[1]   CORS_ORIGIN: 'http://localhost:5173',
[1]   ENABLE_DIAGNOSTIC_LOGGING: true
[1] }
[1] Environment configuration loaded successfully
[1] Starting server initialization...
[1] Initializing DiagnosticLogger...
[1] Diagnostic logging enabled: true
[1] Log file path: /home/andy/debater/server/logs/diagnostic.log
[1] Clearing existing log file
[1] Diagnostic logging initialized successfully
[1] Server running on port 3000
[1] [ApiLogger] Logging request...
[1] [ApiLogger] Deleted existing log file
[1] [ApiLogger] Writing request log to /home/andy/debater/server/logs/api-2024-11-28.json
[1] [ApiLogger] Successfully logged request
[0] 10:13:18 AM [vite] .env changed, restarting server...
[0] 10:13:18 AM [vite] server restarted.
[1] [ApiLogger] Logging request...
[1] [ApiLogger] Writing request log to /home/andy/debater/server/logs/api-2024-11-28.json
[1] [ApiLogger] Successfully logged request

> debate-game@0.0.0 dev
> concurrently "npm run dev:frontend" "npm run dev:backend"

[1] 
[1] > debate-game@0.0.0 dev:backend
[1] > cd server && ts-node-dev --respawn --transpile-only src/index.ts
[1] 
[0] 
[0] > debate-game@0.0.0 dev:frontend
[0] > vite
[0] 
[0] 
[0]   VITE v5.4.11  ready in 131 ms
[0] 
[0]   ➜  Local:   http://localhost:5173/
[0]   ➜  Network: use --host to expose
[1] [INFO] 10:13:36 ts-node-dev ver. 2.0.0 (using ts-node ver. 10.9.2, typescript ver. 5.7.2)
[1] Loading environment configuration...
[1] Loading .env file from: /home/andy/debater/.env
[1] .env file loaded successfully
[1] Raw environment variables: {
[1]   PORT: '3000',
[1]   CORS_ORIGIN: 'http://localhost:5173',
[1]   ENABLE_DIAGNOSTIC_LOGGING: 'true'
[1] }
[1] Processed environment configuration: {
[1]   PORT: 3000,
[1]   CORS_ORIGIN: 'http://localhost:5173',
[1]   ENABLE_DIAGNOSTIC_LOGGING: true
[1] }
[1] Environment configuration loaded successfully
[1] Starting server initialization...
[1] Initializing DiagnosticLogger...
[1] Diagnostic logging enabled: true
[1] Log file path: /home/andy/debater/server/logs/diagnostic.log
[1] Clearing existing log file
[1] Diagnostic logging initialized successfully
[1] Server running on port 3000
